TN:
SF:src\Types.ts
FN:1,(anonymous_0)
FN:67,(anonymous_1)
FN:108,(anonymous_2)
FNF:3
FNH:3
FNDA:3,(anonymous_0)
FNDA:3,(anonymous_1)
FNDA:3,(anonymous_2)
DA:1,3
DA:2,3
DA:3,3
DA:67,3
DA:68,3
DA:69,3
DA:108,3
DA:109,3
DA:110,3
LF:9
LH:9
BRDA:1,0,0,3
BRDA:1,0,1,3
BRDA:67,1,0,3
BRDA:67,1,1,3
BRDA:108,2,0,3
BRDA:108,2,1,3
BRF:6
BRH:6
end_of_record
TN:
SF:src\business\UserBusiness.ts
FN:13,(anonymous_7)
FN:16,(anonymous_8)
FN:23,(anonymous_9)
FN:23,(anonymous_10)
FN:71,(anonymous_11)
FN:71,(anonymous_12)
FNF:6
FNH:6
FNDA:1,(anonymous_7)
FNDA:3,(anonymous_8)
FNDA:5,(anonymous_9)
FNDA:5,(anonymous_10)
FNDA:5,(anonymous_11)
FNDA:5,(anonymous_12)
DA:3,3
DA:4,3
DA:5,3
DA:9,3
DA:11,3
DA:14,1
DA:17,3
DA:18,3
DA:19,3
DA:20,3
DA:23,5
DA:24,5
DA:26,5
DA:27,1
DA:30,4
DA:31,1
DA:34,3
DA:35,1
DA:38,2
DA:39,2
DA:40,2
DA:41,2
DA:43,2
DA:52,2
DA:54,2
DA:56,2
DA:62,2
DA:64,2
DA:68,2
DA:71,5
DA:72,5
DA:74,5
DA:75,1
DA:78,4
DA:79,0
DA:82,4
DA:84,4
DA:85,1
DA:88,3
DA:97,3
DA:99,3
DA:102,3
DA:103,1
DA:106,2
DA:112,2
DA:114,2
DA:118,2
LF:47
LH:46
BRDA:26,0,0,1
BRDA:30,1,0,1
BRDA:34,2,0,1
BRDA:74,3,0,1
BRDA:78,4,0,0
BRDA:84,5,0,1
BRDA:102,6,0,1
BRF:7
BRH:6
end_of_record
TN:
SF:src\database\BaseDatabase.ts
FN:16,(anonymous_1)
FNF:1
FNH:0
FNDA:0,(anonymous_1)
DA:1,3
DA:2,3
DA:4,3
DA:6,3
DA:7,3
DA:17,0
LF:6
LH:5
BRF:0
BRH:0
end_of_record
TN:
SF:src\errors\BadRequestError.ts
FN:4,(anonymous_0)
FNF:1
FNH:1
FNDA:5,(anonymous_0)
DA:1,3
DA:3,3
DA:7,5
LF:3
LH:3
BRDA:5,0,0,0
BRF:1
BRH:0
end_of_record
TN:
SF:src\errors\BaseError.ts
FN:2,(anonymous_0)
FNF:1
FNH:1
FNDA:6,(anonymous_0)
DA:1,3
DA:3,6
DA:6,6
LF:3
LH:3
BRF:0
BRH:0
end_of_record
TN:
SF:src\errors\NotFoundError.ts
FN:4,(anonymous_0)
FNF:1
FNH:1
FNDA:1,(anonymous_0)
DA:1,3
DA:3,3
DA:7,1
LF:3
LH:3
BRDA:5,0,0,0
BRF:1
BRH:0
end_of_record
TN:
SF:src\models\User.ts
FN:4,(anonymous_0)
FN:13,(anonymous_1)
FN:17,(anonymous_2)
FN:21,(anonymous_3)
FN:25,(anonymous_4)
FN:29,(anonymous_5)
FN:33,(anonymous_6)
FN:37,(anonymous_7)
FN:41,(anonymous_8)
FN:45,(anonymous_9)
FN:49,(anonymous_10)
FN:53,(anonymous_11)
FN:57,(anonymous_12)
FN:61,(anonymous_13)
FN:72,(anonymous_14)
FNF:15
FNH:6
FNDA:5,(anonymous_0)
FNDA:4,(anonymous_1)
FNDA:0,(anonymous_2)
FNDA:4,(anonymous_3)
FNDA:0,(anonymous_4)
FNDA:0,(anonymous_5)
FNDA:0,(anonymous_6)
FNDA:3,(anonymous_7)
FNDA:0,(anonymous_8)
FNDA:4,(anonymous_9)
FNDA:0,(anonymous_10)
FNDA:0,(anonymous_11)
FNDA:0,(anonymous_12)
FNDA:2,(anonymous_13)
FNDA:0,(anonymous_14)
DA:3,3
DA:5,5
DA:6,5
DA:7,5
DA:8,5
DA:9,5
DA:10,5
DA:14,4
DA:18,0
DA:22,4
DA:26,0
DA:30,0
DA:34,0
DA:38,3
DA:42,0
DA:46,4
DA:50,0
DA:54,0
DA:58,0
DA:62,2
DA:73,0
LF:21
LH:12
BRF:0
BRH:0
end_of_record
TN:
SF:tests\mocks\HashManagerMock.ts
FN:1,(anonymous_7)
FN:2,(anonymous_8)
FN:2,(anonymous_9)
FN:10,(anonymous_10)
FN:10,(anonymous_11)
FNF:5
FNH:5
FNDA:3,(anonymous_7)
FNDA:2,(anonymous_8)
FNDA:2,(anonymous_9)
FNDA:3,(anonymous_10)
FNDA:3,(anonymous_11)
DA:1,3
DA:2,3
DA:3,2
DA:4,2
DA:7,0
DA:10,3
DA:11,3
DA:12,2
DA:15,1
LF:9
LH:8
BRDA:3,0,0,2
BRDA:11,1,0,2
BRDA:11,2,0,3
BRDA:11,2,1,2
BRF:4
BRH:4
end_of_record
TN:
SF:tests\mocks\TokenManagerMock.ts
FN:3,(anonymous_0)
FN:5,(anonymous_1)
FN:13,(anonymous_2)
FNF:3
FNH:2
FNDA:3,(anonymous_0)
FNDA:4,(anonymous_1)
FNDA:0,(anonymous_2)
DA:1,3
DA:3,3
DA:5,3
DA:6,4
DA:7,3
DA:9,1
DA:13,3
DA:14,0
DA:15,0
DA:21,0
DA:22,0
DA:29,0
LF:12
LH:7
BRDA:6,0,0,3
BRDA:6,0,1,1
BRDA:14,1,0,0
BRDA:14,1,1,0
BRDA:21,2,0,0
BRDA:21,2,1,0
BRF:6
BRH:2
end_of_record
TN:
SF:tests\mocks\UserDatabaseMock.ts
FN:4,(anonymous_7)
FN:7,(anonymous_8)
FN:7,(anonymous_9)
FN:11,(anonymous_10)
FN:11,(anonymous_11)
FN:36,(anonymous_12)
FN:36,(anonymous_13)
FNF:7
FNH:5
FNDA:3,(anonymous_7)
FNDA:2,(anonymous_8)
FNDA:2,(anonymous_9)
FNDA:4,(anonymous_10)
FNDA:4,(anonymous_11)
FNDA:0,(anonymous_12)
FNDA:0,(anonymous_13)
DA:1,3
DA:2,3
DA:4,3
DA:5,3
DA:7,3
DA:11,4
DA:12,4
DA:14,1
DA:23,2
DA:32,1
DA:36,3
DA:37,0
LF:12
LH:11
BRDA:12,0,0,1
BRDA:12,0,1,2
BRDA:12,0,2,1
BRF:3
BRH:3
end_of_record
TN:
SF:tests\mocks\idGeneratorMock.ts
FN:2,(anonymous_0)
FNF:1
FNH:1
FNDA:2,(anonymous_0)
DA:1,3
DA:3,2
LF:2
LH:2
BRF:0
BRH:0
end_of_record
